android/gradleBuild/outputs/logs/manifest-merger-debug-report.txt
-- Merging decision tree log ---
manifest
ADDED from WhereisJadeCabbage/android/AndroidManifest.xml:18:1-74:12
	package
		ADDED from WhereisJadeCabbage/android/AndroidManifest.xml:19:5-34
	xmlns:android
		ADDED from WhereisJadeCabbage/android/AndroidManifest.xml:18:11-69
uses-permission#android.permission.CAMERA
ADDED from WhereisJadeCabbage/android/AndroidManifest.xml:21:5-65
	android:name
		ADDED from WhereisJadeCabbage/android/AndroidManifest.xml:21:22-62
uses-feature#android.hardware.camera
ADDED from WhereisJadeCabbage/android/AndroidManifest.xml:22:5-60
	android:name
		ADDED from WhereisJadeCabbage/android/AndroidManifest.xml:22:19-57
uses-feature#android.hardware.camera.autofocus
ADDED from WhereisJadeCabbage/android/AndroidManifest.xml:23:5-70
	android:name
		ADDED from WhereisJadeCabbage/android/AndroidManifest.xml:23:19-67
uses-permission#android.permission.WRITE_EXTERNAL_STORAGE
ADDED from WhereisJadeCabbage/android/AndroidManifest.xml:24:5-80
	android:name
		ADDED from WhereisJadeCabbage/android/AndroidManifest.xml:24:22-78
uses-permission#android.permission.RECORD_AUDIO
ADDED from WhereisJadeCabbage/android/AndroidManifest.xml:25:5-71
	android:name
		ADDED from WhereisJadeCabbage/android/AndroidManifest.xml:25:22-68
uses-sdk
ADDED from WhereisJadeCabbage/android/AndroidManifest.xml:27:5-29:41
	android:targetSdkVersion
		ADDED from WhereisJadeCabbage/android/AndroidManifest.xml:29:9-38
	android:minSdkVersion
		ADDED from WhereisJadeCabbage/android/AndroidManifest.xml:28:9-35
application
ADDED from WhereisJadeCabbage/android/AndroidManifest.xml:31:5-72:19
MERGED from [org.tensorflow:tensorflow-android:1.4.0] AndroidManifest.xml:5:5-6:19
	android:label
		ADDED from WhereisJadeCabbage/android/AndroidManifest.xml:33:9-41
	android:debuggable
		ADDED from WhereisJadeCabbage/android/AndroidManifest.xml:32:9-34
	android:allowBackup
		ADDED from WhereisJadeCabbage/android/AndroidManifest.xml:31:18-44
	android:icon
		ADDED from WhereisJadeCabbage/android/AndroidManifest.xml:34:9-45
	android:theme
		ADDED from WhereisJadeCabbage/android/AndroidManifest.xml:35:9-45
activity#org.tensorflow.demo.ClassifierActivity
ADDED from WhereisJadeCabbage/android/AndroidManifest.xml:37:9-44:20
	android:screenOrientation
		ADDED from WhereisJadeCabbage/android/AndroidManifest.xml:38:19-55
	android:label
		ADDED from WhereisJadeCabbage/android/AndroidManifest.xml:39:19-71
	android:name
		ADDED from WhereisJadeCabbage/android/AndroidManifest.xml:37:19-72
intent-filter#android.intent.action.MAIN+android.intent.category.LAUNCHER
ADDED from WhereisJadeCabbage/android/AndroidManifest.xml:40:13-43:29
action#android.intent.action.MAIN
ADDED from WhereisJadeCabbage/android/AndroidManifest.xml:41:17-69
	android:name
		ADDED from WhereisJadeCabbage/android/AndroidManifest.xml:41:25-66
category#android.intent.category.LAUNCHER
ADDED from WhereisJadeCabbage/android/AndroidManifest.xml:42:17-77
	android:name
		ADDED from WhereisJadeCabbage/android/AndroidManifest.xml:42:27-74
uses-permission#android.permission.READ_PHONE_STATE
IMPLIED from WhereisJadeCabbage/android/AndroidManifest.xml:18:1-74:12 reason: tensorflow.contrib.android has a targetSdkVersion < 4
uses-permission#android.permission.READ_EXTERNAL_STORAGE
IMPLIED from WhereisJadeCabbage/android/AndroidManifest.xml:18:1-74:12 reason: tensorflow.contrib.android requested WRITE_EXTERNAL_STORAGE